<?xml version="1.0" encoding="UTF-8"?>
<testng-results ignored="0" total="1" passed="1" failed="0" skipped="0">
  <reporter-output>
  </reporter-output>
  <suite started-at="2023-02-09T15:10:07 IST" name="Default suite" finished-at="2023-02-09T15:10:07 IST" duration-ms="70">
    <groups>
    </groups>
    <test started-at="2023-02-09T15:10:07 IST" name="Default test" finished-at="2023-02-09T15:10:07 IST" duration-ms="70">
      <class name="demo.CreateOrg">
        <test-method signature="test1()[pri:0, instance:demo.CreateOrg@2525ff7e]" started-at="2023-02-09T15:10:07 IST" name="test1" finished-at="2023-02-09T15:10:07 IST" duration-ms="13" status="PASS">
          <reporter-output>
          </reporter-output>
        </test-method> <!-- test1 -->
      </class> <!-- demo.CreateOrg -->
    </test> <!-- Default test -->
  </suite> <!-- Default suite -->
</testng-results>
